---------------------
Checking for a valid model name...
True
---------------------
Checking the uniqueness of parent criteria...
True
---------------------
Checking that the parent criteria defined at the top of the input spreadsheet match the parent criteria defined in the subsequent tiers...
True
---------------------
Checking the uniqueness of sub-criteria...
True
---------------------
Checking parent criteria have been added in a sequential manner (no gaps)...
True
---------------------
Checking sub-criteria have been added in a sequential manner (no gaps)...
True
---------------------
Checking that the pairwise comparison table for parent criteria is complete...
True
---------------------
Checking that the pairwise comparison tables for sub-criteria are complete...
True
---------------------
USER INPUT CHECKS COMPLETE
---------------------
---------------------
Now the consistency of the user's decision making will be checked
---------------------
Parent Criteria Consistency Check: Passed
Parent criteria weightings: {'Flight Capibilities': 0.35793566631318485, 'Payload Capibilities': 0.35793566631318485, 'Speed Capibilities': 0.15486744432661714, 'Dimensions': 0.06463061152350653, 'Drone type': 0.06463061152350653}
---------------------
Sub-criteria weightings:
---------------------
Payload Capibilities sub-criteria (Tier 2.1) consistency check: Passed
({'Payload': 0.8333333333333334, 'Cargo space': 0.16666666666666669})
---------------------
Flight Capibilities sub-criteria (Tier 2.2) consistency check: Passed
({'Range': 0.6193520886615516, 'Endurance': 0.284228473998295, 'Altitude': 0.09641943734015346})
---------------------
Speed Capibilities sub-criteria (Tier 2.3) consistency check: Passed
({'Cruise speed': 0.8333333333333334, 'Max speed': 0.16666666666666669})
---------------------
Dimensions sub-criteria (Tier 2.4) consistency check: Passed
({'Length': 0.2, 'Width': 0.2, 'Height': 0.2, 'Wingspan': 0.4})
---------------------
Drone type sub-criteria (Tier 2.5) consistency check: Passed
({'Propulsion': 0.46581939799331107, 'Drone type': 0.2771404682274248, 'Fuel consumption': 0.16107023411371238, 'VTOL': 0.09596989966555183})
---------------------
USER DECISION MAKING CONSISTENCY CHECKS COMPLETE
---------------------
Exporting model as a pkl file to C:\Users\jamie\OneDrive\Documents\GitHub\DP4\Decision Matrices\Models\default2
...
Export completed
---------------------
